<?xml version="1.0" encoding="UTF-8"?>
<!-- Generated by org.testng.reporters.JUnitXMLReporter -->
<testsuite ignored="0" hostname="Revathi" failures="0" tests="7" name="All Tests" time="62.559" errors="0" timestamp="2024-10-01T14:20:22 CEST">
  <testcase classname="testCases.TC001_AccountRegistrationTest" name="verify_account_registration" time="2.736"/>
  <testcase classname="testCases.TC002_LoginTest" name="verify_login" time="1.992"/>
  <testcase classname="testCases.TC003_LoginDDT" name="verify_login" time="2.536"/>
  <testcase classname="testCases.TC003_LoginDDT" name="verify_login" time="11.256"/>
  <testcase classname="testCases.TC003_LoginDDT" name="verify_login" time="11.408"/>
  <testcase classname="testCases.TC003_LoginDDT" name="verify_login" time="5.02"/>
  <testcase classname="testCases.TC003_LoginDDT" name="verify_login" time="11.217"/>
</testsuite> <!-- All Tests -->
