<?xml version="1.0" encoding="UTF-8"?>
<!-- Generated by org.testng.reporters.JUnitXMLReporter -->
<testsuite ignored="0" hostname="Revathi" failures="0" tests="7" name="All Tests" time="60.418" errors="0" timestamp="2024-09-27T11:23:56 CEST">
  <testcase classname="testCases.TC001_AccountRegistrationTest" name="verify_account_registration" time="2.513"/>
  <testcase classname="testCases.TC002_LoginTest" name="verify_login" time="1.772"/>
  <testcase classname="testCases.TC003_LoginDDT" name="verify_login" time="2.49"/>
  <testcase classname="testCases.TC003_LoginDDT" name="verify_login" time="11.238"/>
  <testcase classname="testCases.TC003_LoginDDT" name="verify_login" time="11.609"/>
  <testcase classname="testCases.TC003_LoginDDT" name="verify_login" time="3.283"/>
  <testcase classname="testCases.TC003_LoginDDT" name="verify_login" time="11.452"/>
</testsuite> <!-- All Tests -->
