<?xml version="1.0" encoding="UTF-8"?>
<!-- Generated by org.testng.reporters.JUnitXMLReporter -->
<testsuite ignored="0" hostname="Revathi" failures="0" tests="7" name="All Tests" time="59.419" errors="0" timestamp="2024-09-26T10:18:16 CEST">
  <testcase classname="testCases.TC001_AccountRegistrationTest" name="verify_account_registration" time="2.391"/>
  <testcase classname="testCases.TC002_LoginTest" name="verify_login" time="1.722"/>
  <testcase classname="testCases.TC003_LoginDDT" name="verify_login" time="2.423"/>
  <testcase classname="testCases.TC003_LoginDDT" name="verify_login" time="11.413"/>
  <testcase classname="testCases.TC003_LoginDDT" name="verify_login" time="11.287"/>
  <testcase classname="testCases.TC003_LoginDDT" name="verify_login" time="3.065"/>
  <testcase classname="testCases.TC003_LoginDDT" name="verify_login" time="11.276"/>
</testsuite> <!-- All Tests -->
