<?xml version="1.0" encoding="UTF-8"?>
<!-- Generated by org.testng.reporters.JUnitXMLReporter -->
<testsuite ignored="1" hostname="Revathi" failures="0" tests="2" name="Test" time="13.401" errors="0" timestamp="2024-09-26T11:58:53 CEST">
  <testcase classname="testCases.TC002_LoginTest" name="verify_login" time="1.894"/>
  <testcase classname="testCases.TC001_AccountRegistrationTest" name="verify_account_registration" time="2.386"/>
  <testcase classname="testCases.TC003_LoginDDT" name="verify_login" time="0.0">
    <ignored/>
  </testcase> <!-- verify_login -->
</testsuite> <!-- Test -->
