<?xml version="1.0" encoding="UTF-8"?>
<testng-results ignored="0" total="1" passed="1" failed="0" skipped="0">
  <reporter-output>
  </reporter-output>
  <suite started-at="2024-10-05T23:41:18 CEST" name="Master Suite" finished-at="2024-10-05T23:41:30 CEST" duration-ms="11245">
    <groups>
      <group name="Master">
        <method signature="TC004_ProductCart_E2ETest.validateAddingProductToCart()[pri:0, instance:testCases.TC004_ProductCart_E2ETest@30d4b288]" name="validateAddingProductToCart" class="testCases.TC004_ProductCart_E2ETest"/>
      </group> <!-- Master -->
      <group name="Test">
        <method signature="TC004_ProductCart_E2ETest.validateAddingProductToCart()[pri:0, instance:testCases.TC004_ProductCart_E2ETest@30d4b288]" name="validateAddingProductToCart" class="testCases.TC004_ProductCart_E2ETest"/>
      </group> <!-- Test -->
    </groups>
    <test started-at="2024-10-05T23:41:18 CEST" name="Test" finished-at="2024-10-05T23:41:30 CEST" duration-ms="11245">
      <class name="testCases.TC004_ProductCart_E2ETest">
        <test-method is-config="true" signature="setup(java.lang.String,java.lang.String)[pri:0, instance:testCases.TC004_ProductCart_E2ETest@30d4b288]" started-at="2024-10-05T23:41:19 CEST" name="setup" finished-at="2024-10-05T23:41:23 CEST" duration-ms="4838" status="PASS">
          <params>
            <param index="0">
              <value>
                <![CDATA[windows]]>
              </value>
            </param>
            <param index="1">
              <value>
                <![CDATA[chrome]]>
              </value>
            </param>
          </params>
          <reporter-output>
          </reporter-output>
        </test-method> <!-- setup -->
        <test-method signature="validateAddingProductToCart()[pri:0, instance:testCases.TC004_ProductCart_E2ETest@30d4b288]" started-at="2024-10-05T23:41:23 CEST" name="validateAddingProductToCart" finished-at="2024-10-05T23:41:29 CEST" duration-ms="5994" status="PASS">
          <reporter-output>
          </reporter-output>
        </test-method> <!-- validateAddingProductToCart -->
        <test-method is-config="true" signature="tearDown()[pri:0, instance:testCases.TC004_ProductCart_E2ETest@30d4b288]" started-at="2024-10-05T23:41:29 CEST" name="tearDown" finished-at="2024-10-05T23:41:30 CEST" duration-ms="229" status="PASS">
          <reporter-output>
          </reporter-output>
        </test-method> <!-- tearDown -->
      </class> <!-- testCases.TC004_ProductCart_E2ETest -->
    </test> <!-- Test -->
  </suite> <!-- Master Suite -->
</testng-results>
